20:04:31 **** Incremental Build of configuration Debug for project Captsone ****
make all 
Building file: ../server.c
Invoking: GCC C Compiler
gcc -I"/root/workspace/Utils" -O0 -g3 -Wall -c -fmessage-length=0 -MMD -MP -MF"server.d" -MT"server.d" -o "server.o" "../server.c"
In file included from ../server.c:8:0:
../server.h:20:0: warning: "BUFFER_SIZE" redefined
 #define BUFFER_SIZE 1000
 
In file included from ../server.h:18:0,
                 from ../server.c:8:
/root/workspace/Utils/utils.h:9:0: note: this is the location of the previous definition
 #define BUFFER_SIZE 1000000
 
../server.c: In function ‘main’:
../server.c:133:12: warning: this ‘if’ clause does not guard... [-Wmisleading-indentation]
       else if((sizeof(client_message)*length)>strlen(msg)+sizeof(client_message));
            ^~
../server.c:134:7: note: ...this statement, but the latter is misleadingly indented as if it is guarded by the ‘if’
       {
       ^
../server.c:191:24: warning: passing argument 1 of ‘calloc’ makes integer from pointer without a cast [-Wint-conversion]
           msg = calloc(msg, sizeof(client_message) * ++length);
                        ^~~
In file included from /root/workspace/Utils/utils.h:7:0,
                 from ../server.h:18,
                 from ../server.c:8:
/usr/include/stdlib.h:429:14: note: expected ‘size_t {aka long unsigned int}’ but argument is of type ‘char *’
 extern void *calloc (size_t __nmemb, size_t __size)
              ^~~~~~
../server.c:194:15: warning: this ‘if’ clause does not guard... [-Wmisleading-indentation]
          else if((sizeof(client_message)*length)>strlen(msg)+sizeof(client_message));
               ^~
../server.c:195:10: note: ...this statement, but the latter is misleadingly indented as if it is guarded by the ‘if’
          {
          ^
../server.c:234:21: warning: passing argument 1 of ‘calloc’ makes integer from pointer without a cast [-Wint-conversion]
        msg = calloc(msg, (sizeof(dirList->d_name) * ++length) + 1);
                     ^~~
In file included from /root/workspace/Utils/utils.h:7:0,
                 from ../server.h:18,
                 from ../server.c:8:
/usr/include/stdlib.h:429:14: note: expected ‘size_t {aka long unsigned int}’ but argument is of type ‘char *’
 extern void *calloc (size_t __nmemb, size_t __size)
              ^~~~~~
../server.c:237:12: warning: this ‘if’ clause does not guard... [-Wmisleading-indentation]
       else if((sizeof(dirList->d_name)*length)>strlen(msg)+sizeof(dirList->d_name));
            ^~
../server.c:238:7: note: ...this statement, but the latter is misleadingly indented as if it is guarded by the ‘if’
       {
       ^
../server.c: In function ‘sender’:
../server.c:20:1: warning: control reaches end of non-void function [-Wreturn-type]
 }
 ^
Finished building: ../server.c
 
Building target: Captsone
Invoking: GCC C Linker
gcc -L"/root/workspace/Utils/Debug" -pthread -o "Captsone"  ./server.o   -lUtils
Finished building target: Captsone
 

20:04:31 Build Finished (took 180ms)

